2025-01-05 01:48:23,683 - Starting 3000 AI-vs-AI games...
2025-01-05 01:48:23,684 - Completed 0 games
2025-01-05 01:48:23,694 - Completed 10 games
2025-01-05 01:48:23,703 - Completed 20 games
2025-01-05 01:48:23,713 - Completed 30 games
2025-01-05 01:48:23,723 - Completed 40 games
2025-01-05 01:48:23,734 - Completed 50 games
2025-01-05 01:48:23,744 - Completed 60 games
2025-01-05 01:48:23,754 - Completed 70 games
2025-01-05 01:48:23,764 - Completed 80 games
2025-01-05 01:48:23,773 - Completed 90 games
2025-01-05 01:48:23,783 - Completed 100 games
2025-01-05 01:48:23,792 - Completed 110 games
2025-01-05 01:48:23,802 - Completed 120 games
2025-01-05 01:48:23,811 - Completed 130 games
2025-01-05 01:48:23,821 - Completed 140 games
2025-01-05 01:48:23,831 - Completed 150 games
2025-01-05 01:48:23,841 - Completed 160 games
2025-01-05 01:48:23,851 - Completed 170 games
2025-01-05 01:48:23,861 - Completed 180 games
2025-01-05 01:48:23,871 - Completed 190 games
2025-01-05 01:48:23,881 - Completed 200 games
2025-01-05 01:48:23,890 - Completed 210 games
2025-01-05 01:48:23,900 - Completed 220 games
2025-01-05 01:48:23,910 - Completed 230 games
2025-01-05 01:48:23,921 - Completed 240 games
2025-01-05 01:48:23,931 - Completed 250 games
2025-01-05 01:48:23,940 - Completed 260 games
2025-01-05 01:48:23,949 - Completed 270 games
2025-01-05 01:48:23,958 - Completed 280 games
2025-01-05 01:48:23,967 - Completed 290 games
2025-01-05 01:48:23,978 - Completed 300 games
2025-01-05 01:48:23,988 - Completed 310 games
2025-01-05 01:48:23,999 - Completed 320 games
2025-01-05 01:48:24,013 - Completed 330 games
2025-01-05 01:48:24,025 - Completed 340 games
2025-01-05 01:48:24,036 - Completed 350 games
2025-01-05 01:48:24,047 - Completed 360 games
2025-01-05 01:48:24,060 - Completed 370 games
2025-01-05 01:48:24,069 - Completed 380 games
2025-01-05 01:48:24,082 - Completed 390 games
2025-01-05 01:48:24,103 - Completed 400 games
2025-01-05 01:48:24,124 - Completed 410 games
2025-01-05 01:48:24,137 - Completed 420 games
2025-01-05 01:48:24,150 - Completed 430 games
2025-01-05 01:48:24,161 - Completed 440 games
2025-01-05 01:48:24,172 - Completed 450 games
2025-01-05 01:48:24,182 - Completed 460 games
2025-01-05 01:48:24,192 - Completed 470 games
2025-01-05 01:48:24,206 - Completed 480 games
2025-01-05 01:48:24,217 - Completed 490 games
2025-01-05 01:48:24,227 - Completed 500 games
2025-01-05 01:48:24,237 - Completed 510 games
2025-01-05 01:48:24,246 - Completed 520 games
2025-01-05 01:48:24,254 - Completed 530 games
2025-01-05 01:48:24,263 - Completed 540 games
2025-01-05 01:48:24,273 - Completed 550 games
2025-01-05 01:48:24,283 - Completed 560 games
2025-01-05 01:48:24,291 - Completed 570 games
2025-01-05 01:48:24,301 - Completed 580 games
2025-01-05 01:48:24,310 - Completed 590 games
2025-01-05 01:48:24,321 - Completed 600 games
2025-01-05 01:48:24,330 - Completed 610 games
2025-01-05 01:48:24,338 - Completed 620 games
2025-01-05 01:48:24,347 - Completed 630 games
2025-01-05 01:48:24,356 - Completed 640 games
2025-01-05 01:48:24,365 - Completed 650 games
2025-01-05 01:48:24,375 - Completed 660 games
2025-01-05 01:48:24,384 - Completed 670 games
2025-01-05 01:48:24,394 - Completed 680 games
2025-01-05 01:48:24,404 - Completed 690 games
2025-01-05 01:48:24,414 - Completed 700 games
2025-01-05 01:48:24,423 - Completed 710 games
2025-01-05 01:48:24,432 - Completed 720 games
2025-01-05 01:48:24,441 - Completed 730 games
2025-01-05 01:48:24,452 - Completed 740 games
2025-01-05 01:48:24,464 - Completed 750 games
2025-01-05 01:48:24,473 - Completed 760 games
2025-01-05 01:48:24,483 - Completed 770 games
2025-01-05 01:48:24,493 - Completed 780 games
2025-01-05 01:48:24,502 - Completed 790 games
2025-01-05 01:48:24,512 - Completed 800 games
2025-01-05 01:48:24,521 - Completed 810 games
2025-01-05 01:48:24,531 - Completed 820 games
2025-01-05 01:48:24,541 - Completed 830 games
2025-01-05 01:48:24,551 - Completed 840 games
2025-01-05 01:48:24,562 - Completed 850 games
2025-01-05 01:48:24,571 - Completed 860 games
2025-01-05 01:48:24,582 - Completed 870 games
2025-01-05 01:48:24,592 - Completed 880 games
2025-01-05 01:48:24,602 - Completed 890 games
2025-01-05 01:48:24,613 - Completed 900 games
2025-01-05 01:48:24,623 - Completed 910 games
2025-01-05 01:48:24,632 - Completed 920 games
2025-01-05 01:48:24,642 - Completed 930 games
2025-01-05 01:48:24,651 - Completed 940 games
2025-01-05 01:48:24,660 - Completed 950 games
2025-01-05 01:48:24,671 - Completed 960 games
2025-01-05 01:48:24,680 - Completed 970 games
2025-01-05 01:48:24,691 - Completed 980 games
2025-01-05 01:48:24,700 - Completed 990 games
2025-01-05 01:48:24,712 - Completed 1000 games
2025-01-05 01:48:24,721 - Completed 1010 games
2025-01-05 01:48:24,730 - Completed 1020 games
2025-01-05 01:48:24,739 - Completed 1030 games
2025-01-05 01:48:24,749 - Completed 1040 games
2025-01-05 01:48:24,760 - Completed 1050 games
2025-01-05 01:48:24,769 - Completed 1060 games
2025-01-05 01:48:24,778 - Completed 1070 games
2025-01-05 01:48:24,790 - Completed 1080 games
2025-01-05 01:48:24,800 - Completed 1090 games
2025-01-05 01:48:24,810 - Completed 1100 games
2025-01-05 01:48:24,821 - Completed 1110 games
2025-01-05 01:48:24,831 - Completed 1120 games
2025-01-05 01:48:24,841 - Completed 1130 games
2025-01-05 01:48:24,851 - Completed 1140 games
2025-01-05 01:48:24,862 - Completed 1150 games
2025-01-05 01:48:24,870 - Completed 1160 games
2025-01-05 01:48:24,880 - Completed 1170 games
2025-01-05 01:48:24,891 - Completed 1180 games
2025-01-05 01:48:24,900 - Completed 1190 games
2025-01-05 01:48:24,910 - Completed 1200 games
2025-01-05 01:48:24,921 - Completed 1210 games
2025-01-05 01:48:24,932 - Completed 1220 games
2025-01-05 01:48:24,942 - Completed 1230 games
2025-01-05 01:48:24,952 - Completed 1240 games
2025-01-05 01:48:24,961 - Completed 1250 games
2025-01-05 01:48:24,971 - Completed 1260 games
2025-01-05 01:48:24,981 - Completed 1270 games
2025-01-05 01:48:24,991 - Completed 1280 games
2025-01-05 01:48:25,002 - Completed 1290 games
2025-01-05 01:48:25,012 - Completed 1300 games
2025-01-05 01:48:25,022 - Completed 1310 games
2025-01-05 01:48:25,033 - Completed 1320 games
2025-01-05 01:48:25,042 - Completed 1330 games
2025-01-05 01:48:25,053 - Completed 1340 games
2025-01-05 01:48:25,063 - Completed 1350 games
2025-01-05 01:48:25,072 - Completed 1360 games
2025-01-05 01:48:25,082 - Completed 1370 games
2025-01-05 01:48:25,093 - Completed 1380 games
2025-01-05 01:48:25,103 - Completed 1390 games
2025-01-05 01:48:25,113 - Completed 1400 games
2025-01-05 01:48:25,125 - Completed 1410 games
2025-01-05 01:48:25,135 - Completed 1420 games
2025-01-05 01:48:25,145 - Completed 1430 games
2025-01-05 01:48:25,155 - Completed 1440 games
2025-01-05 01:48:25,165 - Completed 1450 games
2025-01-05 01:48:25,175 - Completed 1460 games
2025-01-05 01:48:25,186 - Completed 1470 games
2025-01-05 01:48:25,196 - Completed 1480 games
2025-01-05 01:48:25,205 - Completed 1490 games
2025-01-05 01:48:25,216 - Completed 1500 games
2025-01-05 01:48:25,227 - Completed 1510 games
2025-01-05 01:48:25,237 - Completed 1520 games
2025-01-05 01:48:25,247 - Completed 1530 games
2025-01-05 01:48:25,257 - Completed 1540 games
2025-01-05 01:48:25,268 - Completed 1550 games
2025-01-05 01:48:25,277 - Completed 1560 games
2025-01-05 01:48:25,288 - Completed 1570 games
2025-01-05 01:48:25,298 - Completed 1580 games
2025-01-05 01:48:25,308 - Completed 1590 games
2025-01-05 01:48:25,319 - Completed 1600 games
2025-01-05 01:48:25,328 - Completed 1610 games
2025-01-05 01:48:25,340 - Completed 1620 games
2025-01-05 01:48:25,350 - Completed 1630 games
2025-01-05 01:48:25,361 - Completed 1640 games
2025-01-05 01:48:25,371 - Completed 1650 games
2025-01-05 01:48:25,381 - Completed 1660 games
2025-01-05 01:48:25,392 - Completed 1670 games
2025-01-05 01:48:25,402 - Completed 1680 games
2025-01-05 01:48:25,413 - Completed 1690 games
2025-01-05 01:48:25,424 - Completed 1700 games
2025-01-05 01:48:25,438 - Completed 1710 games
2025-01-05 01:48:25,449 - Completed 1720 games
2025-01-05 01:48:25,460 - Completed 1730 games
2025-01-05 01:48:25,469 - Completed 1740 games
2025-01-05 01:48:25,482 - Completed 1750 games
2025-01-05 01:48:25,492 - Completed 1760 games
2025-01-05 01:48:25,502 - Completed 1770 games
2025-01-05 01:48:25,514 - Completed 1780 games
2025-01-05 01:48:25,524 - Completed 1790 games
2025-01-05 01:48:25,534 - Completed 1800 games
2025-01-05 01:48:25,545 - Completed 1810 games
2025-01-05 01:48:25,554 - Completed 1820 games
2025-01-05 01:48:25,565 - Completed 1830 games
2025-01-05 01:48:25,574 - Completed 1840 games
2025-01-05 01:48:25,586 - Completed 1850 games
2025-01-05 01:48:25,596 - Completed 1860 games
2025-01-05 01:48:25,607 - Completed 1870 games
2025-01-05 01:48:25,618 - Completed 1880 games
2025-01-05 01:48:25,629 - Completed 1890 games
2025-01-05 01:48:25,640 - Completed 1900 games
2025-01-05 01:48:25,651 - Completed 1910 games
2025-01-05 01:48:25,661 - Completed 1920 games
2025-01-05 01:48:25,671 - Completed 1930 games
2025-01-05 01:48:25,682 - Completed 1940 games
2025-01-05 01:48:25,693 - Completed 1950 games
2025-01-05 01:48:25,704 - Completed 1960 games
2025-01-05 01:48:25,715 - Completed 1970 games
2025-01-05 01:48:25,725 - Completed 1980 games
2025-01-05 01:48:25,735 - Completed 1990 games
2025-01-05 01:48:25,746 - Completed 2000 games
2025-01-05 01:48:25,756 - Completed 2010 games
2025-01-05 01:48:25,766 - Completed 2020 games
2025-01-05 01:48:25,779 - Completed 2030 games
2025-01-05 01:48:25,789 - Completed 2040 games
2025-01-05 01:48:25,800 - Completed 2050 games
2025-01-05 01:48:25,811 - Completed 2060 games
2025-01-05 01:48:25,821 - Completed 2070 games
2025-01-05 01:48:25,832 - Completed 2080 games
2025-01-05 01:48:25,842 - Completed 2090 games
2025-01-05 01:48:25,852 - Completed 2100 games
2025-01-05 01:48:25,863 - Completed 2110 games
2025-01-05 01:48:25,873 - Completed 2120 games
2025-01-05 01:48:25,882 - Completed 2130 games
2025-01-05 01:48:25,892 - Completed 2140 games
2025-01-05 01:48:25,903 - Completed 2150 games
2025-01-05 01:48:25,914 - Completed 2160 games
2025-01-05 01:48:25,925 - Completed 2170 games
2025-01-05 01:48:25,936 - Completed 2180 games
2025-01-05 01:48:25,947 - Completed 2190 games
2025-01-05 01:48:25,958 - Completed 2200 games
2025-01-05 01:48:25,968 - Completed 2210 games
2025-01-05 01:48:25,979 - Completed 2220 games
2025-01-05 01:48:25,990 - Completed 2230 games
2025-01-05 01:48:26,001 - Completed 2240 games
2025-01-05 01:48:26,012 - Completed 2250 games
2025-01-05 01:48:26,022 - Completed 2260 games
2025-01-05 01:48:26,033 - Completed 2270 games
2025-01-05 01:48:26,042 - Completed 2280 games
2025-01-05 01:48:26,053 - Completed 2290 games
2025-01-05 01:48:26,064 - Completed 2300 games
2025-01-05 01:48:26,074 - Completed 2310 games
2025-01-05 01:48:26,085 - Completed 2320 games
2025-01-05 01:48:26,096 - Completed 2330 games
2025-01-05 01:48:26,106 - Completed 2340 games
2025-01-05 01:48:26,116 - Completed 2350 games
2025-01-05 01:48:26,127 - Completed 2360 games
2025-01-05 01:48:26,137 - Completed 2370 games
2025-01-05 01:48:26,148 - Completed 2380 games
2025-01-05 01:48:26,157 - Completed 2390 games
2025-01-05 01:48:26,169 - Completed 2400 games
2025-01-05 01:48:26,179 - Completed 2410 games
2025-01-05 01:48:26,188 - Completed 2420 games
2025-01-05 01:48:26,199 - Completed 2430 games
2025-01-05 01:48:26,210 - Completed 2440 games
2025-01-05 01:48:26,220 - Completed 2450 games
2025-01-05 01:48:26,230 - Completed 2460 games
2025-01-05 01:48:26,241 - Completed 2470 games
2025-01-05 01:48:26,252 - Completed 2480 games
2025-01-05 01:48:26,263 - Completed 2490 games
2025-01-05 01:48:26,274 - Completed 2500 games
2025-01-05 01:48:26,286 - Completed 2510 games
2025-01-05 01:48:26,297 - Completed 2520 games
2025-01-05 01:48:26,309 - Completed 2530 games
2025-01-05 01:48:26,320 - Completed 2540 games
2025-01-05 01:48:26,331 - Completed 2550 games
2025-01-05 01:48:26,342 - Completed 2560 games
2025-01-05 01:48:26,352 - Completed 2570 games
2025-01-05 01:48:26,363 - Completed 2580 games
2025-01-05 01:48:26,373 - Completed 2590 games
2025-01-05 01:48:26,383 - Completed 2600 games
2025-01-05 01:48:26,394 - Completed 2610 games
2025-01-05 01:48:26,405 - Completed 2620 games
2025-01-05 01:48:26,415 - Completed 2630 games
2025-01-05 01:48:26,427 - Completed 2640 games
2025-01-05 01:48:26,437 - Completed 2650 games
2025-01-05 01:48:26,448 - Completed 2660 games
2025-01-05 01:48:26,459 - Completed 2670 games
2025-01-05 01:48:26,469 - Completed 2680 games
2025-01-05 01:48:26,480 - Completed 2690 games
2025-01-05 01:48:26,490 - Completed 2700 games
2025-01-05 01:48:26,500 - Completed 2710 games
2025-01-05 01:48:26,511 - Completed 2720 games
2025-01-05 01:48:26,521 - Completed 2730 games
2025-01-05 01:48:26,531 - Completed 2740 games
2025-01-05 01:48:26,541 - Completed 2750 games
2025-01-05 01:48:26,552 - Completed 2760 games
2025-01-05 01:48:26,562 - Completed 2770 games
2025-01-05 01:48:26,573 - Completed 2780 games
2025-01-05 01:48:26,583 - Completed 2790 games
2025-01-05 01:48:26,594 - Completed 2800 games
2025-01-05 01:48:26,604 - Completed 2810 games
2025-01-05 01:48:26,615 - Completed 2820 games
2025-01-05 01:48:26,625 - Completed 2830 games
2025-01-05 01:48:26,636 - Completed 2840 games
2025-01-05 01:48:26,647 - Completed 2850 games
2025-01-05 01:48:26,657 - Completed 2860 games
2025-01-05 01:48:26,668 - Completed 2870 games
2025-01-05 01:48:26,679 - Completed 2880 games
2025-01-05 01:48:26,689 - Completed 2890 games
2025-01-05 01:48:26,699 - Completed 2900 games
2025-01-05 01:48:26,709 - Completed 2910 games
2025-01-05 01:48:26,720 - Completed 2920 games
2025-01-05 01:48:26,730 - Completed 2930 games
2025-01-05 01:48:26,741 - Completed 2940 games
2025-01-05 01:48:26,752 - Completed 2950 games
2025-01-05 01:48:26,762 - Completed 2960 games
2025-01-05 01:48:26,773 - Completed 2970 games
2025-01-05 01:48:26,798 - Completed 2980 games
2025-01-05 01:48:26,808 - Completed 2990 games
2025-01-05 01:48:26,818 - Exploration rate: 0.034798675798625146
2025-01-05 01:48:26,818 - AI-vs-AI games completed. Results: AI wins: 1220, Draws: 1780
2025-01-05 01:48:26,818 - Switching to AI-vs-Human mode...
